Dia execucio Tractament comandes: 2016-03-07 00:00:00

Comandes que es tractaran
id_order  	reference 	current_state  	date_add            

===================================================================

36        	VDCTGUSQS 	3              	2016-03-02 08:06:52 

37        	XWSMGLHFN 	3              	2016-03-02 15:36:56 

38        	MCSGEYDRA 	3              	2016-03-02 18:13:47 

39        	DAYRMNVEO 	3              	2016-03-04 18:49:22 

40        	WVNXKKURP 	3              	2016-03-04 22:21:04 

41        	GWJFLSKUO 	3              	2016-03-05 09:46:25 

42        	NPWGCCMYM 	3              	2016-03-05 10:25:51 

43        	TYZCMLGWT 	3              	2016-03-05 16:54:32 

44        	DLFOXWQAI 	3              	2016-03-06 09:21:12 

45        	XGVEFPAPF 	3              	2016-03-06 15:48:50 

46        	CUAIPPEAD 	3              	2016-03-06 18:33:31 

47        	JTGWOAZOZ 	3              	2016-03-06 18:57:20 

48        	UNXSUXYAE 	3              	2016-03-06 19:05:32 

49        	FONYQXAMN 	3              	2016-03-06 19:36:45 

50        	HWCHVUVEY 	3              	2016-03-06 20:13:13 

51        	QCLYKRTBF 	2              	2016-03-06 21:34:38 

52        	NSECDJUVB 	3              	2016-03-06 21:59:07 

53        	NPENLZXKR 	3              	2016-03-06 23:43:08 

54        	TVQEPCUQV 	3              	2016-03-06 23:52:37 

Proveidor: 1    	Roca           	flecaroca@gremipa.com	1    

Productes: 8
Proveidor: 2    	Prat-Manel     	manel.lacera@yahoo.es	1    

Productes: 7
Proveidor: 3    	Vivo           	j06vivo@yahoo.es    	1    

Productes: 14
Proveidor: 4    	Stock          	botigateixit@gmail.com	3    

Proveidor: 5    	Moli de Bonsfills	gemma.raset@gmail.com	1    

No hi ha productes
Proveidor: 6    	La Feixa Verda 	natixavi@hotmail.com	2    

Productes: 111
Proveidor: 7    	La Cleda       	david@redcluster.com	1    

Productes: 13
Proveidor: 8    	Niko           	nikohristov@yahoo.es	1    

Productes: 5
Proveidor: 9    	Carns Bayo     	rosabayo@yahoo.com  	1    

Productes: 7
Proveidor: 10   	Toni P.        	toniporcar@gmail.com	2    

Productes: 6
Tancament de comandes
Comanda numero: 36 tancada
Comanda numero: 37 tancada
Comanda numero: 38 tancada
Comanda numero: 39 tancada
Comanda numero: 40 tancada
Comanda numero: 41 tancada
Comanda numero: 42 tancada
Comanda numero: 43 tancada
Comanda numero: 44 tancada
Comanda numero: 45 tancada
Comanda numero: 46 tancada
Comanda numero: 47 tancada
Comanda numero: 48 tancada
Comanda numero: 49 tancada
Comanda numero: 50 tancada
Comanda numero: 51 tancada
Comanda numero: 52 tancada
Comanda numero: 53 tancada
Comanda numero: 54 tancada
